<?xml version="1.0" encoding="UTF-8" ?>
<testsuite tests="19" failures="4" name="TestSuite" time="1,811.452" errors="0" skipped="15">
  <properties>
[...]
</properties>
  <testcase classname="com.sauce.qa.testcases.CartPageTest" name="SetUp" time="606.613">
    <failure message="session not created
from timeout: Timed out receiving message from renderer: 600.000
  (Session info: chrome=88.0.4324.150)
Build info: version: &apos;3.5.3&apos;, revision: &apos;a88d25fe6b&apos;, time: &apos;2017-08-29T12:42:44.417Z&apos;
System info: host: &apos;DEBU&apos;, ip: &apos;192.168.29.185&apos;, os.name: &apos;Windows 10&apos;, os.arch: &apos;amd64&apos;, os.version: &apos;10.0&apos;, java.version: &apos;1.8.0_131&apos;
Driver info: driver.version: ChromeDriver
remote stacktrace: Backtrace:
	GetHandleVerifier [0x0077B963+483]
	GetHandleVerifier [0x0077B941+449]
	GetHandleVerifier [0x00B23308+3832712]
	GetHandleVerifier [0x00B1778C+3784716]
	GetHandleVerifier [0x00B16A47+3781319]
	GetHandleVerifier [0x00B16E36+3782326]
	GetHandleVerifier [0x00B16765+3780581]
	GetHandleVerifier [0x00B1C420+3804320]
	GetHandleVerifier [0x00B16721+3780513]
	GetHandleVerifier [0x00B174B2+3783986]
	GetHandleVerifier [0x00B16A47+3781319]
	GetHandleVerifier [0x00B16E36+3782326]
	GetHandleVerifier [0x00B16765+3780581]
	GetHandleVerifier [0x00B1B655+3800789]
	GetHandleVerifier [0x00B16721+3780513]
	GetHandleVerifier [0x00B174B2+3783986]
	GetHandleVerifier [0x00B16A47+3781319]
	GetHandleVerifier [0x00B16E36+3782326]
	GetHandleVerifier [0x00B16765+3780581]
	GetHandleVerifier [0x00B12F46+3766214]
	GetHandleVerifier [0x00B16721+3780513]
	GetHandleVerifier [0x00B16543+3780035]
	GetHandleVerifier [0x00B16337+3779511]
	GetHandleVerifier [0x00B24540+3837376]
	GetHandleVerifier [0x00B5F4BC+4078908]
	GetHandleVerifier [0x00B5E56C+4074988]
	GetHandleVerifier [0x00B5B2EB+4062059]
	GetHandleVerifier [0x00B3ED14+3945876]
	GetHandleVerifier [0x00B3FBCE+3949646]
	GetHandleVerifier [0x00B3FB59+3949529]
	Ordinal0 [0x0073B5CC+46540]
	Ordinal0 [0x00739F53+40787]
	Ordinal0 [0x00739B12+39698]
	GetHandleVerifier [0x00A41468+2907368]
	GetHandleVerifier [0x008871EE+1096302]
	GetHandleVerifier [0x00843E8D+821005]
	GetHandleVerifier [0x0084396B+819691]
	GetHandleVerifier [0x00843881+819457]
	GetHandleVerifier [0x0086F463+998627]
	BaseThreadInitThunk [0x76566359+25]
	RtlGetAppContainerNamedObjectPath [0x77558944+228]
	RtlGetAppContainerNamedObjectPath [0x77558914+180]
" type="org.openqa.selenium.SessionNotCreatedException">org.openqa.selenium.SessionNotCreatedException: session not created
from timeout: Timed out receiving message from renderer: 600.000
  (Session info: chrome=88.0.4324.150)
Build info: version: &apos;3.5.3&apos;, revision: &apos;a88d25fe6b&apos;, time: &apos;2017-08-29T12:42:44.417Z&apos;
System info: host: &apos;DEBU&apos;, ip: &apos;192.168.29.185&apos;, os.name: &apos;Windows 10&apos;, os.arch: &apos;amd64&apos;, os.version: &apos;10.0&apos;, java.version: &apos;1.8.0_131&apos;
Driver info: driver.version: ChromeDriver
remote stacktrace: Backtrace:
	GetHandleVerifier [0x0077B963+483]
	GetHandleVerifier [0x0077B941+449]
	GetHandleVerifier [0x00B23308+3832712]
	GetHandleVerifier [0x00B1778C+3784716]
	GetHandleVerifier [0x00B16A47+3781319]
	GetHandleVerifier [0x00B16E36+3782326]
	GetHandleVerifier [0x00B16765+3780581]
	GetHandleVerifier [0x00B1C420+3804320]
	GetHandleVerifier [0x00B16721+3780513]
	GetHandleVerifier [0x00B174B2+3783986]
	GetHandleVerifier [0x00B16A47+3781319]
	GetHandleVerifier [0x00B16E36+3782326]
	GetHandleVerifier [0x00B16765+3780581]
	GetHandleVerifier [0x00B1B655+3800789]
	GetHandleVerifier [0x00B16721+3780513]
	GetHandleVerifier [0x00B174B2+3783986]
	GetHandleVerifier [0x00B16A47+3781319]
	GetHandleVerifier [0x00B16E36+3782326]
	GetHandleVerifier [0x00B16765+3780581]
	GetHandleVerifier [0x00B12F46+3766214]
	GetHandleVerifier [0x00B16721+3780513]
	GetHandleVerifier [0x00B16543+3780035]
	GetHandleVerifier [0x00B16337+3779511]
	GetHandleVerifier [0x00B24540+3837376]
	GetHandleVerifier [0x00B5F4BC+4078908]
	GetHandleVerifier [0x00B5E56C+4074988]
	GetHandleVerifier [0x00B5B2EB+4062059]
	GetHandleVerifier [0x00B3ED14+3945876]
	GetHandleVerifier [0x00B3FBCE+3949646]
	GetHandleVerifier [0x00B3FB59+3949529]
	Ordinal0 [0x0073B5CC+46540]
	Ordinal0 [0x00739F53+40787]
	Ordinal0 [0x00739B12+39698]
	GetHandleVerifier [0x00A41468+2907368]
	GetHandleVerifier [0x008871EE+1096302]
	GetHandleVerifier [0x00843E8D+821005]
	GetHandleVerifier [0x0084396B+819691]
	GetHandleVerifier [0x00843881+819457]
	GetHandleVerifier [0x0086F463+998627]
	BaseThreadInitThunk [0x76566359+25]
	RtlGetAppContainerNamedObjectPath [0x77558944+228]
	RtlGetAppContainerNamedObjectPath [0x77558914+180]

	at sun.reflect.NativeConstructorAccessorImpl.newInstance0(Native Method)
	at sun.reflect.NativeConstructorAccessorImpl.newInstance(NativeConstructorAccessorImpl.java:62)
	at sun.reflect.DelegatingConstructorAccessorImpl.newInstance(DelegatingConstructorAccessorImpl.java:45)
	at java.lang.reflect.Constructor.newInstance(Constructor.java:423)
	at org.openqa.selenium.remote.W3CHandshakeResponse.lambda$new$0(W3CHandshakeResponse.java:57)
	at org.openqa.selenium.remote.W3CHandshakeResponse.lambda$getResponseFunction$2(W3CHandshakeResponse.java:104)
	at org.openqa.selenium.remote.ProtocolHandshake.lambda$createSession$24(ProtocolHandshake.java:359)
	at java.util.stream.ReferencePipeline$3$1.accept(ReferencePipeline.java:193)
	at java.util.Spliterators$ArraySpliterator.tryAdvance(Spliterators.java:958)
	at java.util.stream.ReferencePipeline.forEachWithCancel(ReferencePipeline.java:126)
	at java.util.stream.AbstractPipeline.copyIntoWithCancel(AbstractPipeline.java:498)
	at java.util.stream.AbstractPipeline.copyInto(AbstractPipeline.java:485)
	at java.util.stream.AbstractPipeline.wrapAndCopyInto(AbstractPipeline.java:471)
	at java.util.stream.FindOps$FindOp.evaluateSequential(FindOps.java:152)
	at java.util.stream.AbstractPipeline.evaluate(AbstractPipeline.java:234)
	at java.util.stream.ReferencePipeline.findFirst(ReferencePipeline.java:464)
	at org.openqa.selenium.remote.ProtocolHandshake.createSession(ProtocolHandshake.java:362)
	at org.openqa.selenium.remote.ProtocolHandshake.createSession(ProtocolHandshake.java:136)
	at org.openqa.selenium.remote.HttpCommandExecutor.execute(HttpCommandExecutor.java:142)
	at org.openqa.selenium.remote.service.DriverCommandExecutor.execute(DriverCommandExecutor.java:82)
	at org.openqa.selenium.remote.RemoteWebDriver.execute(RemoteWebDriver.java:646)
	at org.openqa.selenium.remote.RemoteWebDriver.startSession(RemoteWebDriver.java:255)
	at org.openqa.selenium.remote.RemoteWebDriver.startSession(RemoteWebDriver.java:237)
	at org.openqa.selenium.remote.RemoteWebDriver.&lt;init&gt;(RemoteWebDriver.java:138)
	at org.openqa.selenium.chrome.ChromeDriver.&lt;init&gt;(ChromeDriver.java:178)
	at org.openqa.selenium.chrome.ChromeDriver.&lt;init&gt;(ChromeDriver.java:167)
	at org.openqa.selenium.chrome.ChromeDriver.&lt;init&gt;(ChromeDriver.java:124)
	at com.sauce.qa.base.TestBase.intialization(TestBase.java:43)
	at com.sauce.qa.testcases.CartPageTest.SetUp(CartPageTest.java:26)
</failure>
    <system-out>Configuring TestNG with: org.apache.maven.surefire.testng.conf.TestNG652Configurator@483bf400
</system-out>
    <system-err>Starting ChromeDriver 88.0.4324.96 (68dba2d8a0b149a1d3afac56fa74648032bcf46b-refs/branch-heads/4324@{#1784}) on port 8050
Only local connections are allowed.
Please see https://chromedriver.chromium.org/security-considerations for suggestions on keeping ChromeDriver safe.
ChromeDriver was started successfully.
log4j:WARN No appenders could be found for logger (org.apache.http.client.protocol.RequestAddCookies).
log4j:WARN Please initialize the log4j system properly.
[1613103655.293][SEVERE]: Timed out receiving message from renderer: 600.000
</system-err>
  </testcase>
  <testcase classname="com.sauce.qa.testcases.CartPageTest" name="clickonAddtoCartTest" time="0.002">
    <skipped/>
  </testcase>
  <testcase classname="com.sauce.qa.testcases.CartPageTest" name="tearDown" time="0.002">
    <skipped/>
  </testcase>
  <testcase classname="com.sauce.qa.testcases.CartPageTest" name="SetUp" time="0.009">
    <skipped/>
  </testcase>
  <testcase classname="com.sauce.qa.testcases.CartPageTest" name="viewCartPageTest" time="0">
    <skipped/>
  </testcase>
  <testcase classname="com.sauce.qa.testcases.CartPageTest" name="tearDown" time="0.003">
    <skipped/>
  </testcase>
  <testcase classname="com.sauce.qa.testcases.CartPageTest" name="SetUp" time="0.003">
    <skipped/>
  </testcase>
  <testcase classname="com.sauce.qa.testcases.CartPageTest" name="removeitemFromCart" time="0">
    <skipped/>
  </testcase>
  <testcase classname="com.sauce.qa.testcases.CartPageTest" name="tearDown" time="0.001">
    <skipped/>
  </testcase>
  <testcase classname="com.sauce.qa.testcases.HomePageTest" name="setUp" time="602.263">
    <failure message="session not created
from timeout: Timed out receiving message from renderer: 600.000
  (Session info: chrome=88.0.4324.150)
Build info: version: &apos;3.5.3&apos;, revision: &apos;a88d25fe6b&apos;, time: &apos;2017-08-29T12:42:44.417Z&apos;
System info: host: &apos;DEBU&apos;, ip: &apos;192.168.29.185&apos;, os.name: &apos;Windows 10&apos;, os.arch: &apos;amd64&apos;, os.version: &apos;10.0&apos;, java.version: &apos;1.8.0_131&apos;
Driver info: driver.version: ChromeDriver
remote stacktrace: Backtrace:
	GetHandleVerifier [0x0077B963+483]
	GetHandleVerifier [0x0077B941+449]
	GetHandleVerifier [0x00B23308+3832712]
	GetHandleVerifier [0x00B1778C+3784716]
	GetHandleVerifier [0x00B16A47+3781319]
	GetHandleVerifier [0x00B16E36+3782326]
	GetHandleVerifier [0x00B16765+3780581]
	GetHandleVerifier [0x00B1FB21+3818401]
	GetHandleVerifier [0x00B16721+3780513]
	GetHandleVerifier [0x00B174B2+3783986]
	GetHandleVerifier [0x00B16A47+3781319]
	GetHandleVerifier [0x00B16E36+3782326]
	GetHandleVerifier [0x00B16765+3780581]
	GetHandleVerifier [0x00B1DF9C+3811356]
	GetHandleVerifier [0x00B16721+3780513]
	GetHandleVerifier [0x00B174B2+3783986]
	GetHandleVerifier [0x00B16A47+3781319]
	GetHandleVerifier [0x00B16E36+3782326]
	GetHandleVerifier [0x00B16765+3780581]
	GetHandleVerifier [0x00B1C392+3804178]
	GetHandleVerifier [0x00B16721+3780513]
	GetHandleVerifier [0x00B174B2+3783986]
	GetHandleVerifier [0x00B16A47+3781319]
	GetHandleVerifier [0x00B16E36+3782326]
	GetHandleVerifier [0x00B16765+3780581]
	GetHandleVerifier [0x00B1B655+3800789]
	GetHandleVerifier [0x00B16721+3780513]
	GetHandleVerifier [0x00B174B2+3783986]
	GetHandleVerifier [0x00B16A47+3781319]
	GetHandleVerifier [0x00B16E36+3782326]
	GetHandleVerifier [0x00B16765+3780581]
	GetHandleVerifier [0x00B12F46+3766214]
	GetHandleVerifier [0x00B16721+3780513]
	GetHandleVerifier [0x00B16543+3780035]
	GetHandleVerifier [0x00B16337+3779511]
	GetHandleVerifier [0x00B24540+3837376]
	GetHandleVerifier [0x00B5F4BC+4078908]
	GetHandleVerifier [0x00B5E56C+4074988]
	GetHandleVerifier [0x00B5B2EB+4062059]
	GetHandleVerifier [0x00B3ED14+3945876]
	GetHandleVerifier [0x00B3FBCE+3949646]
	GetHandleVerifier [0x00B3FB59+3949529]
	Ordinal0 [0x0073B5CC+46540]
	Ordinal0 [0x00739F53+40787]
	Ordinal0 [0x00739B12+39698]
	GetHandleVerifier [0x00A41468+2907368]
	GetHandleVerifier [0x008871EE+1096302]
	GetHandleVerifier [0x00843E8D+821005]
	GetHandleVerifier [0x0084396B+819691]
	GetHandleVerifier [0x00843881+819457]
	GetHandleVerifier [0x0086F463+998627]
	BaseThreadInitThunk [0x76566359+25]
	RtlGetAppContainerNamedObjectPath [0x77558944+228]
	RtlGetAppContainerNamedObjectPath [0x77558914+180]
" type="org.openqa.selenium.SessionNotCreatedException">org.openqa.selenium.SessionNotCreatedException: session not created
from timeout: Timed out receiving message from renderer: 600.000
  (Session info: chrome=88.0.4324.150)
Build info: version: &apos;3.5.3&apos;, revision: &apos;a88d25fe6b&apos;, time: &apos;2017-08-29T12:42:44.417Z&apos;
System info: host: &apos;DEBU&apos;, ip: &apos;192.168.29.185&apos;, os.name: &apos;Windows 10&apos;, os.arch: &apos;amd64&apos;, os.version: &apos;10.0&apos;, java.version: &apos;1.8.0_131&apos;
Driver info: driver.version: ChromeDriver
remote stacktrace: Backtrace:
	GetHandleVerifier [0x0077B963+483]
	GetHandleVerifier [0x0077B941+449]
	GetHandleVerifier [0x00B23308+3832712]
	GetHandleVerifier [0x00B1778C+3784716]
	GetHandleVerifier [0x00B16A47+3781319]
	GetHandleVerifier [0x00B16E36+3782326]
	GetHandleVerifier [0x00B16765+3780581]
	GetHandleVerifier [0x00B1FB21+3818401]
	GetHandleVerifier [0x00B16721+3780513]
	GetHandleVerifier [0x00B174B2+3783986]
	GetHandleVerifier [0x00B16A47+3781319]
	GetHandleVerifier [0x00B16E36+3782326]
	GetHandleVerifier [0x00B16765+3780581]
	GetHandleVerifier [0x00B1DF9C+3811356]
	GetHandleVerifier [0x00B16721+3780513]
	GetHandleVerifier [0x00B174B2+3783986]
	GetHandleVerifier [0x00B16A47+3781319]
	GetHandleVerifier [0x00B16E36+3782326]
	GetHandleVerifier [0x00B16765+3780581]
	GetHandleVerifier [0x00B1C392+3804178]
	GetHandleVerifier [0x00B16721+3780513]
	GetHandleVerifier [0x00B174B2+3783986]
	GetHandleVerifier [0x00B16A47+3781319]
	GetHandleVerifier [0x00B16E36+3782326]
	GetHandleVerifier [0x00B16765+3780581]
	GetHandleVerifier [0x00B1B655+3800789]
	GetHandleVerifier [0x00B16721+3780513]
	GetHandleVerifier [0x00B174B2+3783986]
	GetHandleVerifier [0x00B16A47+3781319]
	GetHandleVerifier [0x00B16E36+3782326]
	GetHandleVerifier [0x00B16765+3780581]
	GetHandleVerifier [0x00B12F46+3766214]
	GetHandleVerifier [0x00B16721+3780513]
	GetHandleVerifier [0x00B16543+3780035]
	GetHandleVerifier [0x00B16337+3779511]
	GetHandleVerifier [0x00B24540+3837376]
	GetHandleVerifier [0x00B5F4BC+4078908]
	GetHandleVerifier [0x00B5E56C+4074988]
	GetHandleVerifier [0x00B5B2EB+4062059]
	GetHandleVerifier [0x00B3ED14+3945876]
	GetHandleVerifier [0x00B3FBCE+3949646]
	GetHandleVerifier [0x00B3FB59+3949529]
	Ordinal0 [0x0073B5CC+46540]
	Ordinal0 [0x00739F53+40787]
	Ordinal0 [0x00739B12+39698]
	GetHandleVerifier [0x00A41468+2907368]
	GetHandleVerifier [0x008871EE+1096302]
	GetHandleVerifier [0x00843E8D+821005]
	GetHandleVerifier [0x0084396B+819691]
	GetHandleVerifier [0x00843881+819457]
	GetHandleVerifier [0x0086F463+998627]
	BaseThreadInitThunk [0x76566359+25]
	RtlGetAppContainerNamedObjectPath [0x77558944+228]
	RtlGetAppContainerNamedObjectPath [0x77558914+180]

	at sun.reflect.NativeConstructorAccessorImpl.newInstance0(Native Method)
	at sun.reflect.NativeConstructorAccessorImpl.newInstance(NativeConstructorAccessorImpl.java:62)
	at sun.reflect.DelegatingConstructorAccessorImpl.newInstance(DelegatingConstructorAccessorImpl.java:45)
	at java.lang.reflect.Constructor.newInstance(Constructor.java:423)
	at org.openqa.selenium.remote.W3CHandshakeResponse.lambda$new$0(W3CHandshakeResponse.java:57)
	at org.openqa.selenium.remote.W3CHandshakeResponse.lambda$getResponseFunction$2(W3CHandshakeResponse.java:104)
	at org.openqa.selenium.remote.ProtocolHandshake.lambda$createSession$24(ProtocolHandshake.java:359)
	at java.util.stream.ReferencePipeline$3$1.accept(ReferencePipeline.java:193)
	at java.util.Spliterators$ArraySpliterator.tryAdvance(Spliterators.java:958)
	at java.util.stream.ReferencePipeline.forEachWithCancel(ReferencePipeline.java:126)
	at java.util.stream.AbstractPipeline.copyIntoWithCancel(AbstractPipeline.java:498)
	at java.util.stream.AbstractPipeline.copyInto(AbstractPipeline.java:485)
	at java.util.stream.AbstractPipeline.wrapAndCopyInto(AbstractPipeline.java:471)
	at java.util.stream.FindOps$FindOp.evaluateSequential(FindOps.java:152)
	at java.util.stream.AbstractPipeline.evaluate(AbstractPipeline.java:234)
	at java.util.stream.ReferencePipeline.findFirst(ReferencePipeline.java:464)
	at org.openqa.selenium.remote.ProtocolHandshake.createSession(ProtocolHandshake.java:362)
	at org.openqa.selenium.remote.ProtocolHandshake.createSession(ProtocolHandshake.java:136)
	at org.openqa.selenium.remote.HttpCommandExecutor.execute(HttpCommandExecutor.java:142)
	at org.openqa.selenium.remote.service.DriverCommandExecutor.execute(DriverCommandExecutor.java:82)
	at org.openqa.selenium.remote.RemoteWebDriver.execute(RemoteWebDriver.java:646)
	at org.openqa.selenium.remote.RemoteWebDriver.startSession(RemoteWebDriver.java:255)
	at org.openqa.selenium.remote.RemoteWebDriver.startSession(RemoteWebDriver.java:237)
	at org.openqa.selenium.remote.RemoteWebDriver.&lt;init&gt;(RemoteWebDriver.java:138)
	at org.openqa.selenium.chrome.ChromeDriver.&lt;init&gt;(ChromeDriver.java:178)
	at org.openqa.selenium.chrome.ChromeDriver.&lt;init&gt;(ChromeDriver.java:167)
	at org.openqa.selenium.chrome.ChromeDriver.&lt;init&gt;(ChromeDriver.java:124)
	at com.sauce.qa.base.TestBase.intialization(TestBase.java:43)
	at com.sauce.qa.testcases.HomePageTest.setUp(HomePageTest.java:29)
</failure>
    <system-err>Starting ChromeDriver 88.0.4324.96 (68dba2d8a0b149a1d3afac56fa74648032bcf46b-refs/branch-heads/4324@{#1784}) on port 2979
Only local connections are allowed.
Please see https://chromedriver.chromium.org/security-considerations for suggestions on keeping ChromeDriver safe.
ChromeDriver was started successfully.
[1613104258.050][SEVERE]: Timed out receiving message from renderer: 600.000
</system-err>
  </testcase>
  <testcase classname="com.sauce.qa.testcases.HomePageTest" name="clickonAddtoCartTest" time="0">
    <skipped/>
  </testcase>
  <testcase classname="com.sauce.qa.testcases.HomePageTest" name="tearDown" time="0">
    <skipped/>
  </testcase>
  <testcase classname="com.sauce.qa.testcases.HomePageTest" name="setUp" time="0">
    <skipped/>
  </testcase>
  <testcase classname="com.sauce.qa.testcases.HomePageTest" name="viewCartPageTest" time="0">
    <skipped/>
  </testcase>
  <testcase classname="com.sauce.qa.testcases.HomePageTest" name="tearDown" time="0">
    <skipped/>
  </testcase>
  <testcase classname="com.sauce.qa.testcases.HomePageTest" name="sortTheProductsTest" time="0.016">
    <failure message="
Cannot inject @Test annotated Method [sortTheProductsTest] with [class java.lang.String].
For more information on native dependency injection please refer to https://testng.org/doc/documentation-main.html#native-dependency-injection" type="org.testng.TestNGException">org.testng.TestNGException: 
Cannot inject @Test annotated Method [sortTheProductsTest] with [class java.lang.String].
For more information on native dependency injection please refer to https://testng.org/doc/documentation-main.html#native-dependency-injection
	at org.testng.internal.Parameters.checkParameterTypes(Parameters.java:437)
	at org.testng.internal.Parameters.createParametersForMethod(Parameters.java:351)
	at org.testng.internal.Parameters.createParameters(Parameters.java:708)
	at org.testng.internal.Parameters.handleParameters(Parameters.java:875)
	at org.testng.internal.Parameters.handleParameters(Parameters.java:740)
	at org.testng.internal.ParameterHandler.handleParameters(ParameterHandler.java:59)
	at org.testng.internal.ParameterHandler.createParameters(ParameterHandler.java:38)
	at org.testng.internal.TestInvoker$MethodInvocationAgent.invoke(TestInvoker.java:789)
	at org.testng.internal.TestInvoker.invokeTestMethods(TestInvoker.java:147)
	at org.testng.internal.TestMethodWorker.invokeTestMethods(TestMethodWorker.java:146)
	at org.testng.internal.TestMethodWorker.run(TestMethodWorker.java:128)
	at java.util.ArrayList.forEach(ArrayList.java:1249)
	at org.testng.TestRunner.privateRun(TestRunner.java:764)
	at org.testng.TestRunner.run(TestRunner.java:585)
	at org.testng.SuiteRunner.runTest(SuiteRunner.java:384)
	at org.testng.SuiteRunner.runSequentially(SuiteRunner.java:378)
	at org.testng.SuiteRunner.privateRun(SuiteRunner.java:337)
	at org.testng.SuiteRunner.run(SuiteRunner.java:286)
	at org.testng.SuiteRunnerWorker.runSuite(SuiteRunnerWorker.java:53)
	at org.testng.SuiteRunnerWorker.run(SuiteRunnerWorker.java:96)
	at org.testng.TestNG.runSuitesSequentially(TestNG.java:1218)
	at org.testng.TestNG.runSuitesLocally(TestNG.java:1140)
	at org.testng.TestNG.runSuites(TestNG.java:1069)
	at org.testng.TestNG.run(TestNG.java:1037)
	at org.apache.maven.surefire.testng.TestNGExecutor.run(TestNGExecutor.java:77)
	at org.apache.maven.surefire.testng.TestNGDirectoryTestSuite.executeMulti(TestNGDirectoryTestSuite.java:159)
	at org.apache.maven.surefire.testng.TestNGDirectoryTestSuite.execute(TestNGDirectoryTestSuite.java:99)
	at org.apache.maven.surefire.testng.TestNGProvider.invoke(TestNGProvider.java:106)
	at sun.reflect.NativeMethodAccessorImpl.invoke0(Native Method)
	at sun.reflect.NativeMethodAccessorImpl.invoke(NativeMethodAccessorImpl.java:62)
	at sun.reflect.DelegatingMethodAccessorImpl.invoke(DelegatingMethodAccessorImpl.java:43)
	at java.lang.reflect.Method.invoke(Method.java:498)
	at org.apache.maven.surefire.util.ReflectionUtils.invokeMethodWithArray(ReflectionUtils.java:189)
	at org.apache.maven.surefire.booter.ProviderFactory$ProviderProxy.invoke(ProviderFactory.java:165)
	at org.apache.maven.surefire.booter.ProviderFactory.invokeProvider(ProviderFactory.java:85)
	at org.apache.maven.surefire.booter.ForkedBooter.runSuitesInProcess(ForkedBooter.java:115)
	at org.apache.maven.surefire.booter.ForkedBooter.main(ForkedBooter.java:75)
</failure>
    <system-err>[Utils] [ERROR] [Error] org.testng.TestNGException: 
Cannot inject @Test annotated Method [sortTheProductsTest] with [class java.lang.String].
For more information on native dependency injection please refer to https://testng.org/doc/documentation-main.html#native-dependency-injection
	at org.testng.internal.Parameters.checkParameterTypes(Parameters.java:437)
	at org.testng.internal.Parameters.createParametersForMethod(Parameters.java:351)
	at org.testng.internal.Parameters.createParameters(Parameters.java:708)
	at org.testng.internal.Parameters.handleParameters(Parameters.java:875)
	at org.testng.internal.Parameters.handleParameters(Parameters.java:740)
	at org.testng.internal.ParameterHandler.handleParameters(ParameterHandler.java:59)
	at org.testng.internal.ParameterHandler.createParameters(ParameterHandler.java:38)
	at org.testng.internal.TestInvoker$MethodInvocationAgent.invoke(TestInvoker.java:789)
	at org.testng.internal.TestInvoker.invokeTestMethods(TestInvoker.java:147)
	at org.testng.internal.TestMethodWorker.invokeTestMethods(TestMethodWorker.java:146)
	at org.testng.internal.TestMethodWorker.run(TestMethodWorker.java:128)
	at java.util.ArrayList.forEach(ArrayList.java:1249)
	at org.testng.TestRunner.privateRun(TestRunner.java:764)
	at org.testng.TestRunner.run(TestRunner.java:585)
	at org.testng.SuiteRunner.runTest(SuiteRunner.java:384)
	at org.testng.SuiteRunner.runSequentially(SuiteRunner.java:378)
	at org.testng.SuiteRunner.privateRun(SuiteRunner.java:337)
	at org.testng.SuiteRunner.run(SuiteRunner.java:286)
	at org.testng.SuiteRunnerWorker.runSuite(SuiteRunnerWorker.java:53)
	at org.testng.SuiteRunnerWorker.run(SuiteRunnerWorker.java:96)
	at org.testng.TestNG.runSuitesSequentially(TestNG.java:1218)
	at org.testng.TestNG.runSuitesLocally(TestNG.java:1140)
	at org.testng.TestNG.runSuites(TestNG.java:1069)
	at org.testng.TestNG.run(TestNG.java:1037)
	at org.apache.maven.surefire.testng.TestNGExecutor.run(TestNGExecutor.java:77)
	at org.apache.maven.surefire.testng.TestNGDirectoryTestSuite.executeMulti(TestNGDirectoryTestSuite.java:159)
	at org.apache.maven.surefire.testng.TestNGDirectoryTestSuite.execute(TestNGDirectoryTestSuite.java:99)
	at org.apache.maven.surefire.testng.TestNGProvider.invoke(TestNGProvider.java:106)
	at sun.reflect.NativeMethodAccessorImpl.invoke0(Native Method)
	at sun.reflect.NativeMethodAccessorImpl.invoke(NativeMethodAccessorImpl.java:62)
	at sun.reflect.DelegatingMethodAccessorImpl.invoke(DelegatingMethodAccessorImpl.java:43)
	at java.lang.reflect.Method.invoke(Method.java:498)
	at org.apache.maven.surefire.util.ReflectionUtils.invokeMethodWithArray(ReflectionUtils.java:189)
	at org.apache.maven.surefire.booter.ProviderFactory$ProviderProxy.invoke(ProviderFactory.java:165)
	at org.apache.maven.surefire.booter.ProviderFactory.invokeProvider(ProviderFactory.java:85)
	at org.apache.maven.surefire.booter.ForkedBooter.runSuitesInProcess(ForkedBooter.java:115)
	at org.apache.maven.surefire.booter.ForkedBooter.main(ForkedBooter.java:75)

</system-err>
  </testcase>
  <testcase classname="com.sauce.qa.testcases.LoginPageTest" name="setUp" time="602.54">
    <failure message="session not created
from timeout: Timed out receiving message from renderer: 600.000
  (Session info: chrome=88.0.4324.150)
Build info: version: &apos;3.5.3&apos;, revision: &apos;a88d25fe6b&apos;, time: &apos;2017-08-29T12:42:44.417Z&apos;
System info: host: &apos;DEBU&apos;, ip: &apos;192.168.29.185&apos;, os.name: &apos;Windows 10&apos;, os.arch: &apos;amd64&apos;, os.version: &apos;10.0&apos;, java.version: &apos;1.8.0_131&apos;
Driver info: driver.version: ChromeDriver
remote stacktrace: Backtrace:
	GetHandleVerifier [0x0077B963+483]
	GetHandleVerifier [0x0077B941+449]
	GetHandleVerifier [0x00B23308+3832712]
	GetHandleVerifier [0x00B1778C+3784716]
	GetHandleVerifier [0x00B16A47+3781319]
	GetHandleVerifier [0x00B16E36+3782326]
	GetHandleVerifier [0x00B16765+3780581]
	GetHandleVerifier [0x00B1FB21+3818401]
	GetHandleVerifier [0x00B16721+3780513]
	GetHandleVerifier [0x00B174B2+3783986]
	GetHandleVerifier [0x00B16A47+3781319]
	GetHandleVerifier [0x00B16E36+3782326]
	GetHandleVerifier [0x00B16765+3780581]
	GetHandleVerifier [0x00B1DF9C+3811356]
	GetHandleVerifier [0x00B16721+3780513]
	GetHandleVerifier [0x00B174B2+3783986]
	GetHandleVerifier [0x00B16A47+3781319]
	GetHandleVerifier [0x00B16E36+3782326]
	GetHandleVerifier [0x00B16765+3780581]
	GetHandleVerifier [0x00B1C392+3804178]
	GetHandleVerifier [0x00B16721+3780513]
	GetHandleVerifier [0x00B174B2+3783986]
	GetHandleVerifier [0x00B16A47+3781319]
	GetHandleVerifier [0x00B16E36+3782326]
	GetHandleVerifier [0x00B16765+3780581]
	GetHandleVerifier [0x00B1B655+3800789]
	GetHandleVerifier [0x00B16721+3780513]
	GetHandleVerifier [0x00B174B2+3783986]
	GetHandleVerifier [0x00B16A47+3781319]
	GetHandleVerifier [0x00B16E36+3782326]
	GetHandleVerifier [0x00B16765+3780581]
	GetHandleVerifier [0x00B12F46+3766214]
	GetHandleVerifier [0x00B16721+3780513]
	GetHandleVerifier [0x00B16543+3780035]
	GetHandleVerifier [0x00B16337+3779511]
	GetHandleVerifier [0x00B24540+3837376]
	GetHandleVerifier [0x00B5F4BC+4078908]
	GetHandleVerifier [0x00B5E56C+4074988]
	GetHandleVerifier [0x00B5B2EB+4062059]
	GetHandleVerifier [0x00B3ED14+3945876]
	GetHandleVerifier [0x00B3FBCE+3949646]
	GetHandleVerifier [0x00B3FB59+3949529]
	Ordinal0 [0x0073B5CC+46540]
	Ordinal0 [0x00739F53+40787]
	Ordinal0 [0x00739B12+39698]
	GetHandleVerifier [0x00A41468+2907368]
	GetHandleVerifier [0x008871EE+1096302]
	GetHandleVerifier [0x00843E8D+821005]
	GetHandleVerifier [0x0084396B+819691]
	GetHandleVerifier [0x00843881+819457]
	GetHandleVerifier [0x0086F463+998627]
	BaseThreadInitThunk [0x76566359+25]
	RtlGetAppContainerNamedObjectPath [0x77558944+228]
	RtlGetAppContainerNamedObjectPath [0x77558914+180]
" type="org.openqa.selenium.SessionNotCreatedException">org.openqa.selenium.SessionNotCreatedException: session not created
from timeout: Timed out receiving message from renderer: 600.000
  (Session info: chrome=88.0.4324.150)
Build info: version: &apos;3.5.3&apos;, revision: &apos;a88d25fe6b&apos;, time: &apos;2017-08-29T12:42:44.417Z&apos;
System info: host: &apos;DEBU&apos;, ip: &apos;192.168.29.185&apos;, os.name: &apos;Windows 10&apos;, os.arch: &apos;amd64&apos;, os.version: &apos;10.0&apos;, java.version: &apos;1.8.0_131&apos;
Driver info: driver.version: ChromeDriver
remote stacktrace: Backtrace:
	GetHandleVerifier [0x0077B963+483]
	GetHandleVerifier [0x0077B941+449]
	GetHandleVerifier [0x00B23308+3832712]
	GetHandleVerifier [0x00B1778C+3784716]
	GetHandleVerifier [0x00B16A47+3781319]
	GetHandleVerifier [0x00B16E36+3782326]
	GetHandleVerifier [0x00B16765+3780581]
	GetHandleVerifier [0x00B1FB21+3818401]
	GetHandleVerifier [0x00B16721+3780513]
	GetHandleVerifier [0x00B174B2+3783986]
	GetHandleVerifier [0x00B16A47+3781319]
	GetHandleVerifier [0x00B16E36+3782326]
	GetHandleVerifier [0x00B16765+3780581]
	GetHandleVerifier [0x00B1DF9C+3811356]
	GetHandleVerifier [0x00B16721+3780513]
	GetHandleVerifier [0x00B174B2+3783986]
	GetHandleVerifier [0x00B16A47+3781319]
	GetHandleVerifier [0x00B16E36+3782326]
	GetHandleVerifier [0x00B16765+3780581]
	GetHandleVerifier [0x00B1C392+3804178]
	GetHandleVerifier [0x00B16721+3780513]
	GetHandleVerifier [0x00B174B2+3783986]
	GetHandleVerifier [0x00B16A47+3781319]
	GetHandleVerifier [0x00B16E36+3782326]
	GetHandleVerifier [0x00B16765+3780581]
	GetHandleVerifier [0x00B1B655+3800789]
	GetHandleVerifier [0x00B16721+3780513]
	GetHandleVerifier [0x00B174B2+3783986]
	GetHandleVerifier [0x00B16A47+3781319]
	GetHandleVerifier [0x00B16E36+3782326]
	GetHandleVerifier [0x00B16765+3780581]
	GetHandleVerifier [0x00B12F46+3766214]
	GetHandleVerifier [0x00B16721+3780513]
	GetHandleVerifier [0x00B16543+3780035]
	GetHandleVerifier [0x00B16337+3779511]
	GetHandleVerifier [0x00B24540+3837376]
	GetHandleVerifier [0x00B5F4BC+4078908]
	GetHandleVerifier [0x00B5E56C+4074988]
	GetHandleVerifier [0x00B5B2EB+4062059]
	GetHandleVerifier [0x00B3ED14+3945876]
	GetHandleVerifier [0x00B3FBCE+3949646]
	GetHandleVerifier [0x00B3FB59+3949529]
	Ordinal0 [0x0073B5CC+46540]
	Ordinal0 [0x00739F53+40787]
	Ordinal0 [0x00739B12+39698]
	GetHandleVerifier [0x00A41468+2907368]
	GetHandleVerifier [0x008871EE+1096302]
	GetHandleVerifier [0x00843E8D+821005]
	GetHandleVerifier [0x0084396B+819691]
	GetHandleVerifier [0x00843881+819457]
	GetHandleVerifier [0x0086F463+998627]
	BaseThreadInitThunk [0x76566359+25]
	RtlGetAppContainerNamedObjectPath [0x77558944+228]
	RtlGetAppContainerNamedObjectPath [0x77558914+180]

	at sun.reflect.NativeConstructorAccessorImpl.newInstance0(Native Method)
	at sun.reflect.NativeConstructorAccessorImpl.newInstance(NativeConstructorAccessorImpl.java:62)
	at sun.reflect.DelegatingConstructorAccessorImpl.newInstance(DelegatingConstructorAccessorImpl.java:45)
	at java.lang.reflect.Constructor.newInstance(Constructor.java:423)
	at org.openqa.selenium.remote.W3CHandshakeResponse.lambda$new$0(W3CHandshakeResponse.java:57)
	at org.openqa.selenium.remote.W3CHandshakeResponse.lambda$getResponseFunction$2(W3CHandshakeResponse.java:104)
	at org.openqa.selenium.remote.ProtocolHandshake.lambda$createSession$24(ProtocolHandshake.java:359)
	at java.util.stream.ReferencePipeline$3$1.accept(ReferencePipeline.java:193)
	at java.util.Spliterators$ArraySpliterator.tryAdvance(Spliterators.java:958)
	at java.util.stream.ReferencePipeline.forEachWithCancel(ReferencePipeline.java:126)
	at java.util.stream.AbstractPipeline.copyIntoWithCancel(AbstractPipeline.java:498)
	at java.util.stream.AbstractPipeline.copyInto(AbstractPipeline.java:485)
	at java.util.stream.AbstractPipeline.wrapAndCopyInto(AbstractPipeline.java:471)
	at java.util.stream.FindOps$FindOp.evaluateSequential(FindOps.java:152)
	at java.util.stream.AbstractPipeline.evaluate(AbstractPipeline.java:234)
	at java.util.stream.ReferencePipeline.findFirst(ReferencePipeline.java:464)
	at org.openqa.selenium.remote.ProtocolHandshake.createSession(ProtocolHandshake.java:362)
	at org.openqa.selenium.remote.ProtocolHandshake.createSession(ProtocolHandshake.java:136)
	at org.openqa.selenium.remote.HttpCommandExecutor.execute(HttpCommandExecutor.java:142)
	at org.openqa.selenium.remote.service.DriverCommandExecutor.execute(DriverCommandExecutor.java:82)
	at org.openqa.selenium.remote.RemoteWebDriver.execute(RemoteWebDriver.java:646)
	at org.openqa.selenium.remote.RemoteWebDriver.startSession(RemoteWebDriver.java:255)
	at org.openqa.selenium.remote.RemoteWebDriver.startSession(RemoteWebDriver.java:237)
	at org.openqa.selenium.remote.RemoteWebDriver.&lt;init&gt;(RemoteWebDriver.java:138)
	at org.openqa.selenium.chrome.ChromeDriver.&lt;init&gt;(ChromeDriver.java:178)
	at org.openqa.selenium.chrome.ChromeDriver.&lt;init&gt;(ChromeDriver.java:167)
	at org.openqa.selenium.chrome.ChromeDriver.&lt;init&gt;(ChromeDriver.java:124)
	at com.sauce.qa.base.TestBase.intialization(TestBase.java:43)
	at com.sauce.qa.testcases.LoginPageTest.setUp(LoginPageTest.java:23)
</failure>
    <system-err>Starting ChromeDriver 88.0.4324.96 (68dba2d8a0b149a1d3afac56fa74648032bcf46b-refs/branch-heads/4324@{#1784}) on port 18122
Only local connections are allowed.
Please see https://chromedriver.chromium.org/security-considerations for suggestions on keeping ChromeDriver safe.
ChromeDriver was started successfully.
[1613104860.529][SEVERE]: Timed out receiving message from renderer: 600.000
</system-err>
  </testcase>
  <testcase classname="com.sauce.qa.testcases.LoginPageTest" name="loginTest" time="0">
    <skipped/>
  </testcase>
  <testcase classname="com.sauce.qa.testcases.LoginPageTest" name="tearDown" time="0">
    <skipped/>
  </testcase>
</testsuite>